2027-02-15T08:02:11-05:00 INFO  session.start principal=Ben scope=church_outreach channel=briefing build=openclaw/1.7
2027-02-15T08:02:11-05:00 INFO  briefing.lead "Good morning, Ben. Here's your committee day." church_items=3 reminders=2 scope=outreach_only
2027-02-15T08:02:12-05:00 INFO  reminder.surface item="Wed outreach meeting prep" due=2027-02-18 priority=church
2027-02-15T08:02:12-05:00 INFO  guard.enforce rule=committee_world_only blocked_scope=[employer,family_finance,school] result=ok
2027-02-15T08:07:44-05:00 INFO  channel.select default=gmail:ben.marshall@Finthesiss.ai reason=church_comms_default
2027-02-16T19:41:03-05:00 INFO  task.open id=T-1042 desc="Pull prior-cycle outreach traffic + drop-off" owner=Ben source=analytics
2027-02-16T19:41:04-05:00 INFO  guard.enforce rule=committee_world_only blocked_scope=[employer,family_finance] result=ok
2027-02-16T19:52:18-05:00 INFO  analytics.note funnels=2 note="two signup pages show drop-off; carry to readiness read"
2027-02-17T07:58:20-05:00 INFO  task.open id=T-1043 desc="FY close reconciliation across ledgers" owner=Ben
2027-02-17T07:58:20-05:00 WARN  reconcile.conflict note="income records disagree; defer to freshest/most-authoritative; name trusted vs set-aside" action=flag_for_Ben
2027-02-17T07:58:21-05:00 INFO  reconcile.rule figures=to_the_cent rounding=disabled per_head_cost=on
2027-02-17T08:03:09-05:00 INFO  reconcile.note uncleared_reimbursements=account_for state=open note="do not ignore pending items"
2027-02-18T18:30:00-05:00 INFO  meeting.prep id=M-2027-02-18 packet=circulated attendees=7
2027-02-18T20:15:44-05:00 INFO  meeting.minutes.saved path=committee_meeting_2027-02-18.md
2027-02-19T09:12:07-05:00 INFO  task.open id=T-1044 desc="De-duplicate partner roster; hold thin evidence open" owner=Ben+Priya
2027-02-19T09:12:08-05:00 WARN  roster.conflict partner="bike repair collective" note="lapsed vs active across tools" action=hold_open
2027-02-19T09:12:09-05:00 INFO  roster.rule states=[active,quiet,duplicate,withdrawn,opted_out,open] system_of_record=salesforce+signed_store
2027-02-20T14:03:55-05:00 INFO  site.check owner=Marcus scope=outreach_pages note="pre-go-live health + findability pending"
2027-02-20T14:18:22-05:00 INFO  guard.enforce rule=confirm_before_publish threshold_usd=75.00 result=ok note="hold publishes for Ben's yes"
2027-02-21T10:44:12-05:00 INFO  agreements.review scope=partner_mous note="signed vs outstanding; a draft is not a signature" action=list_both
2027-02-22T16:20:31-05:00 INFO  draft.hold item=newsletter state=draft_only reason="awaits Ben review then Pastor Crawford clearance"
2027-02-22T16:20:31-05:00 INFO  guard.enforce rule=suppression_absolute note="opted-out contacts excluded from all sends" result=ok
2027-02-22T16:25:09-05:00 INFO  guard.enforce rule=no_outbound_send channels=[mailchimp,sendgrid,docusign] note="nothing dispatched; drafts only" result=ok
2027-02-24T08:00:03-05:00 INFO  reminder.surface item="Advance volunteer applications to Pastor Crawford" applicants=2
2027-02-24T08:00:03-05:00 INFO  guard.enforce rule=no_direct_volunteer_confirm authority=Pastor_Crawford result=ok
2027-02-24T08:06:31-05:00 INFO  triage.note inquiries=open note="log partner/volunteer inquiries; advance, do not answer beyond scope"
2027-02-27T13:11:50-05:00 INFO  task.open id=T-1045 desc="Draft readiness brief - pages, analytics, coverage, agreements" owner=Ben
2027-03-01T08:01:10-05:00 INFO  reminder.surface item="Retreat pre-read packet due" retreat=2027-03-27
2027-03-01T08:01:11-05:00 INFO  guard.enforce rule=committee_world_only blocked_scope=[employer,family_finance,school] result=ok
2027-03-01T08:01:12-05:00 INFO  session.end clean=true items_open=3 sends=0
