# Mesa Verde Paving and Gravel - Legacy Shop Log
# Unit: MV-LDR-105  CAT 966F  S/N 7HK02184
# Format: paper-log carryover, transcribed. NOT reconciled post-2022 Jira migration.
# Kept as Confluence page attachment for archival cross-reference only.
# Confluence page: CONF-EQ-LEGACY-LDR105-0092
# Legacy owner (retired): R. Alvarado
# Note: entries dated after 2018-06-30 were made ad-hoc by shop techs into the paper binder
#       and transcribed here by K. Thompson on 2022-03-14. Not audited.

1996-08-14  RA  new unit break-in, 50-hr service.                       hr_meter=50
1997-02-11  RA  250-hr service. oil+filters. shop tech SR assisted.     hr_meter=252
1997-08-04  RA  500-hr service. all filters. hydraulic pressure OK.    hr_meter=498
1998-03-19  SR  1000-hr service. hyd filter change. good running.       hr_meter=1004
1998-11-02  SR  1500-hr service.                                        hr_meter=1489
1999-05-27  SR  2000-hr service. driveline check. clean.                hr_meter=1998
2000-01-14  SR  2500-hr service.                                        hr_meter=2503
2000-08-09  SR  3000-hr service. front tire replaced R side.            hr_meter=2997
2001-03-22  SR  3500-hr service. new procedure v2001 applied.           hr_meter=3502
2001-11-06  SR  4000-hr service. transmission fluid+filter.             hr_meter=4001
2002-07-12  SR  4500-hr service.                                        hr_meter=4498
2003-02-24  SR  5000-hr service. coolant change.                        hr_meter=5001
2003-10-09  SR  5500-hr service.                                        hr_meter=5504
2004-05-22  SR  6000-hr service. hyd filter, all fuel filters.          hr_meter=6002
2005-01-13  SR  6500-hr service.                                        hr_meter=6499
2005-09-04  SR  7000-hr service. wet brake service.                     hr_meter=7003
2006-04-27  SR  7500-hr service.                                        hr_meter=7501
2007-01-19  SR  8000-hr service. planetary check OK.                    hr_meter=8005
2007-11-02  SR  8500-hr service.                                        hr_meter=8498
2008-08-14  SR  9000-hr service. hyd filter, coolant change.            hr_meter=9002
2009-05-08  SR  9500-hr service.                                        hr_meter=9497
2010-01-22  SR  10000-hr service. driveline inspection, clean.          hr_meter=10004
2010-11-11  SR  10500-hr service.                                       hr_meter=10501
2011-08-25  SR  11000-hr service. hyd pressure log OK.                  hr_meter=10998
2013-08-14  SR  procedure changed to v2013. no service, note only.      hr_meter=11201
2015-03-11  SR  11500-hr service. tire rotation.                        hr_meter=11498
2018-06-14  SR  final PM before I retired. hyd + engine oil.            hr_meter=11702
2019-10-14  DR  disposal-prep service per MV-PROC-DECOMM-v2013.
                see Jira MV-EQ-4187 for full ticket. cold-storage tag applied. hr_meter=11840

# ---- entries below are POST-Jira-migration and were NOT ticketed. ----
# ---- Transcribed by K. Thompson 2022-03-14 from paper binder.       ----
# ---- No corroborating work order, timesheet, parts pull, or ECM     ----
# ---- data pull exists for the 2021-06-02 entry.                     ----

2021-06-02  DR  service check per shop foreman request.                 hr_meter=12103
