Discovered 101 environment(s) with a server + service.toml.
[ 1/101] activecampaign-api     port 8101 ... server=started  PASS 8 / WARN 0 / FAIL 0 / SKIP 0
[ 2/101] airbnb-api             port 8038 ... server=started  PASS 6 / WARN 0 / FAIL 0 / SKIP 2
[ 3/101] airtable-api           port 8032 ... server=started  PASS 10 / WARN 0 / FAIL 0 / SKIP 0
[ 4/101] algolia-api            port 8067 ... server=started  PASS 10 / WARN 0 / FAIL 0 / SKIP 0
[ 5/101] alpaca-api             port 8043 ... server=started  PASS 11 / WARN 0 / FAIL 0 / SKIP 0
[ 6/101] amadeus-api            port 8076 ... server=started  PASS 7 / WARN 0 / FAIL 0 / SKIP 0
[ 7/101] amazon-seller-api      port 8000 ... server=started  PASS 27 / WARN 12 / FAIL 15 / SKIP 0
[ 8/101] amplitude-api          port 8091 ... server=started  PASS 5 / WARN 0 / FAIL 0 / SKIP 0
[ 9/101] asana-api              port 8031 ... server=started  PASS 11 / WARN 0 / FAIL 0 / SKIP 0
[10/101] bamboohr-api           port 8072 ... server=started  PASS 10 / WARN 0 / FAIL 0 / SKIP 0
[11/101] bigcommerce-api        port 8084 ... server=started  PASS 8 / WARN 0 / FAIL 0 / SKIP 0
[12/101] binance-api            port 8097 ... server=started  PASS 7 / WARN 0 / FAIL 0 / SKIP 0
[13/101] box-api                port 8083 ... server=started  PASS 7 / WARN 0 / FAIL 0 / SKIP 0
[14/101] calendly-api           port 8054 ... server=started  PASS 9 / WARN 0 / FAIL 0 / SKIP 0
[15/101] cloudflare-api         port 8050 ... server=started  PASS 10 / WARN 0 / FAIL 0 / SKIP 0
[16/101] coinbase-api           port 8023 ... server=started  PASS 9 / WARN 0 / FAIL 0 / SKIP 0
[17/101] confluence-api         port 8045 ... server=started  PASS 10 / WARN 0 / FAIL 2 / SKIP 0
[18/101] contentful-api         port 8066 ... server=started  PASS 6 / WARN 0 / FAIL 6 / SKIP 0
[19/101] datadog-api            port 8048 ... server=started  PASS 12 / WARN 0 / FAIL 0 / SKIP 0
[20/101] discord-api            port 8057 ... server=started  PASS 10 / WARN 0 / FAIL 0 / SKIP 0
[21/101] docusign-api           port 8053 ... server=started  PASS 8 / WARN 0 / FAIL 0 / SKIP 0
[22/101] doordash-api           port 8037 ... server=started  PASS 6 / WARN 0 / FAIL 1 / SKIP 3
[23/101] dropbox-api            port 8082 ... server=started  PASS 6 / WARN 0 / FAIL 1 / SKIP 0
[24/101] etsy-api               port 8001 ... server=started  PASS 40 / WARN 11 / FAIL 0 / SKIP 0
[25/101] eventbrite-api         port 8020 ... server=started  PASS 14 / WARN 0 / FAIL 0 / SKIP 0
[26/101] fedex-api              port 8095 ... server=started  PASS 4 / WARN 0 / FAIL 0 / SKIP 0
[27/101] figma-api              port 8079 ... server=started  PASS 9 / WARN 0 / FAIL 0 / SKIP 0
[28/101] freshdesk-api          port 8093 ... server=started  PASS 8 / WARN 0 / FAIL 0 / SKIP 0
[29/101] github-api             port 8019 ... server=started  PASS 13 / WARN 0 / FAIL 0 / SKIP 0
[30/101] gitlab-api             port 8046 ... server=started  PASS 12 / WARN 0 / FAIL 0 / SKIP 0
[31/101] gmail-api              port 8017 ... server=started  PASS 15 / WARN 0 / FAIL 0 / SKIP 0
[32/101] google-analytics-api   port 8068 ... server=started  PASS 6 / WARN 0 / FAIL 1 / SKIP 0
[33/101] google-calendar-api    port 8016 ... server=started  PASS 10 / WARN 0 / FAIL 0 / SKIP 0
[34/101] google-classroom-api   port 8002 ... server=started  PASS 52 / WARN 9 / FAIL 0 / SKIP 0
[35/101] google-drive-api       port 8018 ... server=started  PASS 14 / WARN 0 / FAIL 0 / SKIP 0
[36/101] google-maps-api        port 8033 ... server=started  PASS 6 / WARN 0 / FAIL 1 / SKIP 0
[37/101] greenhouse-api         port 8073 ... server=started  PASS 11 / WARN 0 / FAIL 0 / SKIP 0
[38/101] gusto-api              port 8074 ... server=started  PASS 10 / WARN 0 / FAIL 0 / SKIP 0
[39/101] hubspot-api            port 8024 ... server=started  PASS 1 / WARN 0 / FAIL 10 / SKIP 0
[40/101] instacart-api          port 8012 ... server=started  PASS 10 / WARN 0 / FAIL 0 / SKIP 2
[41/101] instagram-api          port 8003 ... server=started  PASS 24 / WARN 35 / FAIL 0 / SKIP 0
[42/101] intercom-api           port 8070 ... server=started  PASS 12 / WARN 0 / FAIL 0 / SKIP 0
[43/101] jira-api               port 8029 ... server=started  PASS 10 / WARN 0 / FAIL 0 / SKIP 0
[44/101] klaviyo-api            port 8089 ... server=started  PASS 8 / WARN 0 / FAIL 0 / SKIP 0
[45/101] kraken-api             port 8098 ... server=started  PASS 10 / WARN 0 / FAIL 0 / SKIP 0
[46/101] kubernetes-api         port 8051 ... server=started  PASS 10 / WARN 0 / FAIL 0 / SKIP 0
[47/101] linear-api             port 8004 ... server=started  PASS 29 / WARN 37 / FAIL 0 / SKIP 0
[48/101] linkedin-api           port 8062 ... server=started  PASS 10 / WARN 0 / FAIL 0 / SKIP 0
[49/101] mailchimp-api          port 8081 ... server=started  PASS 12 / WARN 0 / FAIL 0 / SKIP 0
[50/101] mailgun-api            port 8094 ... server=started  PASS 7 / WARN 0 / FAIL 0 / SKIP 0
[51/101] microsoft-teams-api    port 8086 ... server=started  PASS 6 / WARN 0 / FAIL 0 / SKIP 0
[52/101] mixpanel-api           port 8056 ... server=started  PASS 8 / WARN 0 / FAIL 0 / SKIP 0
[53/101] monday-api             port 8080 ... server=started  PASS 12 / WARN 0 / FAIL 0 / SKIP 0
[54/101] myfitnesspal-api       port 8005 ... server=started  PASS 34 / WARN 11 / FAIL 0 / SKIP 0
[55/101] nasa-api               port 8077 ... server=started  PASS 9 / WARN 0 / FAIL 0 / SKIP 0
[56/101] notion-api             port 8010 ... server=started  PASS 18 / WARN 0 / FAIL 0 / SKIP 0
[57/101] obsidian-api           port 8014 ... server=started  PASS 10 / WARN 0 / FAIL 0 / SKIP 0
[58/101] okta-api               port 8049 ... server=started  PASS 12 / WARN 0 / FAIL 0 / SKIP 0
[59/101] openlibrary-api        port 8078 ... server=started  PASS 10 / WARN 0 / FAIL 0 / SKIP 0
[60/101] openweather-api        port 8035 ... server=started  PASS 5 / WARN 0 / FAIL 0 / SKIP 0
[61/101] outlook-api            port 8087 ... server=started  PASS 7 / WARN 0 / FAIL 0 / SKIP 0
[62/101] pagerduty-api          port 8040 ... server=started  PASS 9 / WARN 0 / FAIL 4 / SKIP 0
[63/101] paypal-api             port 8042 ... server=started  PASS 9 / WARN 0 / FAIL 0 / SKIP 0
[64/101] pinterest-api          port 8006 ... server=started  PASS 30 / WARN 11 / FAIL 1 / SKIP 0
[65/101] plaid-api              port 8022 ... server=started  PASS 6 / WARN 0 / FAIL 0 / SKIP 0
[66/101] posthog-api            port 8092 ... server=started  PASS 7 / WARN 0 / FAIL 0 / SKIP 0
[67/101] quickbooks-api         port 8007 ... server=started  PASS 38 / WARN 20 / FAIL 0 / SKIP 0
[68/101] reddit-api             port 8058 ... server=started  PASS 8 / WARN 0 / FAIL 0 / SKIP 0
[69/101] ring-api               port 8008 ... server=started  PASS 41 / WARN 21 / FAIL 0 / SKIP 0
[70/101] salesforce-api         port 8044 ... server=started  PASS 17 / WARN 0 / FAIL 0 / SKIP 0
[71/101] segment-api            port 8090 ... server=started  PASS 9 / WARN 0 / FAIL 0 / SKIP 0
[72/101] sendgrid-api           port 8027 ... server=started  PASS 8 / WARN 0 / FAIL 0 / SKIP 1
[73/101] sentry-api             port 8047 ... server=started  PASS 10 / WARN 0 / FAIL 0 / SKIP 0
[74/101] servicenow-api         port 8071 ... server=started  PASS 12 / WARN 0 / FAIL 0 / SKIP 0
[75/101] shippo-api             port 8052 ... server=started  PASS 9 / WARN 0 / FAIL 0 / SKIP 0
[76/101] slack-api              port 8013 ... server=started  PASS 16 / WARN 0 / FAIL 0 / SKIP 0
[77/101] spotify-api            port 8039 ... server=started  PASS 8 / WARN 0 / FAIL 2 / SKIP 0
[78/101] square-api             port 8041 ... server=started  PASS 13 / WARN 0 / FAIL 0 / SKIP 0
[79/101] strava-api             port 8060 ... server=started  PASS 8 / WARN 0 / FAIL 0 / SKIP 0
[80/101] stripe-api             port 8021 ... server=failed-to-start  PASS 0 / WARN 0 / FAIL 19 / SKIP 0
[81/101] telegram-api           port 8063 ... server=started  PASS 8 / WARN 0 / FAIL 1 / SKIP 0
[82/101] ticketmaster-api       port 8075 ... server=started  PASS 11 / WARN 0 / FAIL 0 / SKIP 0
[83/101] tmdb-api               port 8059 ... server=started  PASS 8 / WARN 0 / FAIL 0 / SKIP 0
[84/101] trello-api             port 8030 ... server=started  PASS 10 / WARN 0 / FAIL 0 / SKIP 0
[85/101] twilio-api             port 8026 ... server=started  PASS 9 / WARN 0 / FAIL 0 / SKIP 0
[86/101] twitch-api             port 8064 ... server=started  PASS 9 / WARN 0 / FAIL 0 / SKIP 0
[87/101] twitter-api            port 8061 ... server=started  PASS 13 / WARN 0 / FAIL 0 / SKIP 0
[88/101] typeform-api           port 8055 ... server=started  PASS 8 / WARN 0 / FAIL 0 / SKIP 0
[89/101] uber-api               port 8036 ... server=started  PASS 8 / WARN 1 / FAIL 1 / SKIP 0
[90/101] ups-api                port 8096 ... server=started  PASS 4 / WARN 0 / FAIL 0 / SKIP 0
[91/101] vimeo-api              port 8099 ... server=started  PASS 6 / WARN 1 / FAIL 0 / SKIP 0
[92/101] webflow-api            port 8100 ... server=started  PASS 6 / WARN 0 / FAIL 0 / SKIP 0
[93/101] whatsapp-api           port 8015 ... server=started  PASS 11 / WARN 0 / FAIL 0 / SKIP 0
[94/101] woocommerce-api        port 8085 ... server=started  PASS 8 / WARN 0 / FAIL 0 / SKIP 0
[95/101] wordpress-api          port 8065 ... server=started  PASS 14 / WARN 0 / FAIL 0 / SKIP 0
[96/101] xero-api               port 8088 ... server=started  PASS 7 / WARN 0 / FAIL 0 / SKIP 0
[97/101] yelp-api               port 8034 ... server=started  PASS 6 / WARN 0 / FAIL 0 / SKIP 0
[98/101] youtube-api            port 8009 ... server=started  PASS 35 / WARN 14 / FAIL 0 / SKIP 0
[99/101] zendesk-api            port 8025 ... server=started  PASS 10 / WARN 0 / FAIL 0 / SKIP 0
[100/101] zillow-api             port 8011 ... server=started  PASS 10 / WARN 0 / FAIL 0 / SKIP 0
[101/101] zoom-api               port 8028 ... server=started  PASS 10 / WARN 0 / FAIL 0 / SKIP 0

=== Totals: PASS 1180 | WARN 183 | FAIL 65 | SKIP 8 ===
Markdown report : /Users/apple/Downloads/environment/api_test_report.md
JSON responses  : /Users/apple/Downloads/environment/api_test_responses.json
